<?xml version="1.0" encoding="UTF-8"?>
<!-- Generated by org.testng.reporters.JUnitXMLReporter -->
<testsuite ignored="0" hostname="Alinas-MacBook-Air.local" failures="0" tests="3" name="Default test" time="3.737" errors="0" timestamp="2021-02-25T20:28:02 CST">
  <testcase classname="TestCases.CreateCustomerTest" name="validateCreateCustomerAPIWithValidSecretKey" time="2.285"/>
  <testcase classname="TestCases.CreateCustomerTest" name="validateCreateCustomerAPIWithValidSecretKey" time="0.692"/>
  <testcase classname="TestCases.CreateCustomerTest" name="validateCreateCustomerAPIWithValidSecretKey" time="0.712"/>
</testsuite> <!-- Default test -->
