<?xml version="1.0" encoding="UTF-8"?>
<testng-results ignored="0" total="3" passed="3" failed="0" skipped="0">
  <reporter-output>
  </reporter-output>
  <suite started-at="2021-02-25T20:27:58 CST" name="Default suite" finished-at="2021-02-25T20:28:01 CST" duration-ms="3737">
    <groups>
    </groups>
    <test started-at="2021-02-25T20:27:58 CST" name="Default test" finished-at="2021-02-25T20:28:01 CST" duration-ms="3737">
      <class name="TestCases.CreateCustomerTest">
        <test-method is-config="true" signature="setUp()[pri:0, instance:TestCases.CreateCustomerTest@68b6f0d6]" started-at="2021-02-25T20:27:57 CST" name="setUp" finished-at="2021-02-25T20:27:58 CST" duration-ms="772" status="PASS">
          <reporter-output>
          </reporter-output>
        </test-method> <!-- setUp -->
        <test-method signature="validateCreateCustomerAPIWithValidSecretKey(java.lang.String, java.lang.String, java.lang.String)[pri:0, instance:TestCases.CreateCustomerTest@68b6f0d6]" started-at="2021-02-25T20:27:58 CST" name="validateCreateCustomerAPIWithValidSecretKey" data-provider="data" finished-at="2021-02-25T20:28:00 CST" duration-ms="2285" status="PASS">
          <params>
            <param index="0">
              <value>
                <![CDATA[Ermek]]>
              </value>
            </param>
            <param index="1">
              <value>
                <![CDATA[alinken75@gmail.com]]>
              </value>
            </param>
            <param index="2">
              <value>
                <![CDATA[Adding the first customer in framework]]>
              </value>
            </param>
          </params>
          <reporter-output>
          </reporter-output>
        </test-method> <!-- validateCreateCustomerAPIWithValidSecretKey -->
        <test-method signature="validateCreateCustomerAPIWithValidSecretKey(java.lang.String, java.lang.String, java.lang.String)[pri:0, instance:TestCases.CreateCustomerTest@68b6f0d6]" started-at="2021-02-25T20:28:00 CST" name="validateCreateCustomerAPIWithValidSecretKey" data-provider="data" finished-at="2021-02-25T20:28:01 CST" duration-ms="692" status="PASS">
          <params>
            <param index="0">
              <value>
                <![CDATA[Raman]]>
              </value>
            </param>
            <param index="1">
              <value>
                <![CDATA[corporate@gmail.com]]>
              </value>
            </param>
            <param index="2">
              <value>
                <![CDATA[Adding the second customer in framework]]>
              </value>
            </param>
          </params>
          <reporter-output>
          </reporter-output>
        </test-method> <!-- validateCreateCustomerAPIWithValidSecretKey -->
        <test-method signature="validateCreateCustomerAPIWithValidSecretKey(java.lang.String, java.lang.String, java.lang.String)[pri:0, instance:TestCases.CreateCustomerTest@68b6f0d6]" started-at="2021-02-25T20:28:01 CST" name="validateCreateCustomerAPIWithValidSecretKey" data-provider="data" finished-at="2021-02-25T20:28:01 CST" duration-ms="712" status="PASS">
          <params>
            <param index="0">
              <value>
                <![CDATA[Kanya]]>
              </value>
            </param>
            <param index="1">
              <value>
                <![CDATA[kanya@gmail.com]]>
              </value>
            </param>
            <param index="2">
              <value>
                <![CDATA[Adding the third customer in framework]]>
              </value>
            </param>
          </params>
          <reporter-output>
          </reporter-output>
        </test-method> <!-- validateCreateCustomerAPIWithValidSecretKey -->
        <test-method is-config="true" signature="tearDown()[pri:0, instance:TestCases.CreateCustomerTest@68b6f0d6]" started-at="2021-02-25T20:28:02 CST" name="tearDown" finished-at="2021-02-25T20:28:02 CST" duration-ms="0" status="PASS">
          <reporter-output>
          </reporter-output>
        </test-method> <!-- tearDown -->
      </class> <!-- TestCases.CreateCustomerTest -->
    </test> <!-- Default test -->
  </suite> <!-- Default suite -->
</testng-results>
